1,2,1.0547e-15
1,3,-5.5511e-16
1,4,-5.5511e-16
1,5,-5.5511e-16
1,6,7.2164e-16
1,7,7.2164e-16
1,8,-3.3307e-16
1,9,-3.3307e-16
1,10,-3.3307e-16
1,11,-3.3307e-16
1,12,3.8858e-16
1,13,3.8858e-16
1,14,-1.6653e-16
1,15,-1.6653e-16
1,16,-1.6653e-16
1,17,1.1102e-16
1,18,1.1102e-16
2,3,-6.6613e-16
2,4,-6.6613e-16
2,5,-6.6613e-16
2,6,6.1062e-16
2,7,6.1062e-16
2,8,-4.4409e-16
2,9,-4.4409e-16
2,10,-4.4409e-16
2,11,-4.4409e-16
2,12,2.7756e-16
2,13,2.7756e-16
2,14,-2.7756e-16
2,15,-2.7756e-16
2,16,-2.7756e-16
2,17,0
2,18,0
3,4,-4.996e-16
3,5,-4.996e-16
3,6,7.2164e-16
3,7,7.2164e-16
3,8,-2.7756e-16
3,9,-2.7756e-16
3,10,-2.7756e-16
3,11,-2.7756e-16
3,12,3.8858e-16
3,13,3.8858e-16
3,14,-1.1102e-16
3,15,-1.1102e-16
3,16,-1.1102e-16
3,17,1.1102e-16
3,18,1.1102e-16
4,5,-4.996e-16
4,6,7.2164e-16
4,7,7.2164e-16
4,8,-2.7756e-16
4,9,-2.7756e-16
4,10,-2.7756e-16
4,11,-2.7756e-16
4,12,3.8858e-16
4,13,3.8858e-16
4,14,-1.1102e-16
4,15,-1.1102e-16
4,16,-1.1102e-16
4,17,1.1102e-16
4,18,1.1102e-16
5,6,7.2164e-16
5,7,7.2164e-16
5,8,-2.7756e-16
5,9,-2.7756e-16
5,10,-2.7756e-16
5,11,-2.7756e-16
5,12,3.8858e-16
5,13,3.8858e-16
5,14,-1.1102e-16
5,15,-1.1102e-16
5,16,-1.1102e-16
5,17,1.1102e-16
5,18,1.1102e-16
6,7,2.7756e-16
6,8,-7.7716e-16
6,9,-7.7716e-16
6,10,-7.7716e-16
6,11,-7.7716e-16
6,12,-5.5511e-17
6,13,-5.5511e-17
6,14,-6.1062e-16
6,15,-6.1062e-16
6,16,-6.1062e-16
6,17,-3.3307e-16
6,18,-3.3307e-16
7,8,-7.7716e-16
7,9,-7.7716e-16
7,10,-7.7716e-16
7,11,-7.7716e-16
7,12,-5.5511e-17
7,13,-5.5511e-17
7,14,-6.1062e-16
7,15,-6.1062e-16
7,16,-6.1062e-16
7,17,-3.3307e-16
7,18,-3.3307e-16
8,9,-5.5511e-17
8,10,-5.5511e-17
8,11,-5.5511e-17
8,12,6.1062e-16
8,13,6.1062e-16
8,14,1.1102e-16
8,15,1.1102e-16
8,16,1.1102e-16
8,17,3.3307e-16
8,18,3.3307e-16
9,10,-5.5511e-17
9,11,-5.5511e-17
9,12,6.1062e-16
9,13,6.1062e-16
9,14,1.1102e-16
9,15,1.1102e-16
9,16,1.1102e-16
9,17,3.3307e-16
9,18,3.3307e-16
10,11,-5.5511e-17
10,12,6.1062e-16
10,13,6.1062e-16
10,14,1.1102e-16
10,15,1.1102e-16
10,16,1.1102e-16
10,17,3.3307e-16
10,18,3.3307e-16
11,12,6.1062e-16
11,13,6.1062e-16
11,14,1.1102e-16
11,15,1.1102e-16
11,16,1.1102e-16
11,17,3.3307e-16
11,18,3.3307e-16
12,13,-3.8858e-16
12,14,-9.4369e-16
12,15,-9.4369e-16
12,16,-9.4369e-16
12,17,-6.6613e-16
12,18,-6.6613e-16
13,14,-9.4369e-16
13,15,-9.4369e-16
13,16,-9.4369e-16
13,17,-6.6613e-16
13,18,-6.6613e-16
14,15,2.7756e-16
14,16,2.7756e-16
14,17,4.996e-16
14,18,4.996e-16
15,16,2.7756e-16
15,17,4.996e-16
15,18,4.996e-16
16,17,4.996e-16
16,18,4.996e-16
17,18,-9.4369e-16
